<?xml version="1.0" encoding="UTF-8"?>
<testsuite xmlns:xsi="http://www.w3.org/2001/XMLSchema-instance" xsi:noNamespaceSchemaLocation="https://maven.apache.org/surefire/maven-surefire-plugin/xsd/surefire-test-report-3.0.xsd" version="3.0" name="com.multipedidos.componente_a.ComponenteAApplicationTests" time="11.624" tests="1" errors="0" skipped="0" failures="0">
  <properties>
[...]
</properties>
  <testcase name="contextLoads" classname="com.multipedidos.componente_a.ComponenteAApplicationTests" time="1.708">
    <system-out><![CDATA[00:24:09.053 [main] INFO org.springframework.test.context.support.AnnotationConfigContextLoaderUtils -- Could not detect default configuration classes for test class [com.multipedidos.componente_a.ComponenteAApplicationTests]: ComponenteAApplicationTests does not declare any static, non-private, non-final, nested classes annotated with @Configuration.
00:24:09.271 [main] INFO org.springframework.boot.test.context.SpringBootTestContextBootstrapper -- Found @SpringBootConfiguration com.multipedidos.componente_a.ComponenteAApplication for test class com.multipedidos.componente_a.ComponenteAApplicationTests

  .   ____          _            __ _ _
 /\\ / ___'_ __ _ _(_)_ __  __ _ \ \ \ \
( ( )\___ | '_ | '_| | '_ \/ _` | \ \ \ \
 \\/  ___)| |_)| | | | | || (_| |  ) ) ) )
  '  |____| .__|_| |_|_| |_\__, | / / / /
 =========|_|==============|___/=/_/_/_/
 :: Spring Boot ::                (v3.2.2)

2025-11-15T00:24:10.263-06:00  INFO 8560 --- [           main] c.m.c.ComponenteAApplicationTests        : Starting ComponenteAApplicationTests using Java 17.0.16 with PID 8560 (started by Ale in C:\Users\Ale\Documents\Desarrollo Web\Examen\componente-a)
2025-11-15T00:24:10.266-06:00  INFO 8560 --- [           main] c.m.c.ComponenteAApplicationTests        : No active profile set, falling back to 1 default profile: "default"
2025-11-15T00:24:12.574-06:00  INFO 8560 --- [           main] .s.d.r.c.RepositoryConfigurationDelegate : Bootstrapping Spring Data JPA repositories in DEFAULT mode.
2025-11-15T00:24:12.620-06:00  INFO 8560 --- [           main] .s.d.r.c.RepositoryConfigurationDelegate : Finished Spring Data repository scanning in 28 ms. Found 0 JPA repository interfaces.
2025-11-15T00:24:13.838-06:00  INFO 8560 --- [           main] com.zaxxer.hikari.HikariDataSource       : HikariPool-1 - Starting...
2025-11-15T00:24:14.258-06:00  INFO 8560 --- [           main] com.zaxxer.hikari.pool.HikariPool        : HikariPool-1 - Added connection conn0: url=jdbc:h2:mem:1b714b76-90fe-436e-ad4c-c6ee03805cc1 user=SA
2025-11-15T00:24:14.261-06:00  INFO 8560 --- [           main] com.zaxxer.hikari.HikariDataSource       : HikariPool-1 - Start completed.
2025-11-15T00:24:14.404-06:00  INFO 8560 --- [           main] o.hibernate.jpa.internal.util.LogHelper  : HHH000204: Processing PersistenceUnitInfo [name: default]
2025-11-15T00:24:14.573-06:00  INFO 8560 --- [           main] org.hibernate.Version                    : HHH000412: Hibernate ORM core version 6.4.1.Final
2025-11-15T00:24:14.649-06:00  INFO 8560 --- [           main] o.h.c.internal.RegionFactoryInitiator    : HHH000026: Second-level cache disabled
2025-11-15T00:24:15.283-06:00  INFO 8560 --- [           main] o.s.o.j.p.SpringPersistenceUnitInfo      : No LoadTimeWeaver setup: ignoring JPA class transformer
2025-11-15T00:24:16.060-06:00  INFO 8560 --- [           main] o.h.e.t.j.p.i.JtaPlatformInitiator       : HHH000489: No JTA platform available (set 'hibernate.transaction.jta.platform' to enable JTA platform integration)
2025-11-15T00:24:16.068-06:00  INFO 8560 --- [           main] j.LocalContainerEntityManagerFactoryBean : Initialized JPA EntityManagerFactory for persistence unit 'default'
2025-11-15T00:24:16.965-06:00  WARN 8560 --- [           main] JpaBaseConfiguration$JpaWebConfiguration : spring.jpa.open-in-view is enabled by default. Therefore, database queries may be performed during view rendering. Explicitly configure spring.jpa.open-in-view to disable this warning
2025-11-15T00:24:18.544-06:00  INFO 8560 --- [           main] c.m.c.ComponenteAApplicationTests        : Started ComponenteAApplicationTests in 8.871 seconds (process running for 11.331)
]]></system-out>
  </testcase>
</testsuite>